<?xml version="1.0" encoding="UTF-8"?>
<!-- Generated by org.testng.reporters.JUnitReportReporter -->
<testsuite hostname="DESKTOP-HIUNGH3" failures="0" tests="4" name="automation.LoginTest" time="36.795" errors="0" timestamp="2025-08-26T22:49:14 IST" skipped="0">
  <testcase classname="automation.LoginTest" name="loginWithValidCredentials" time="9.361"/>
  <testcase classname="automation.LoginTest" name="loginWithValidEmailWrongPassword" time="9.278"/>
  <testcase classname="automation.LoginTest" name="loginWithValidCredentials" time="9.140"/>
  <testcase classname="automation.LoginTest" name="loginWithValidEmailWrongPassword" time="9.016"/>
</testsuite> <!-- automation.LoginTest -->
